[2026-07-23T04:24:25.933Z] [handleUpdateReplacementGuards] Input parameters: {
  "shiftId": "5e4bb6e3-9f56-4020-a1e3-f4a580eb4b2d",
  "assignmentId": "9e661a29-01ab-4115-ab38-9a150e0cd564",
  "body": {
    "replacementGuardIds": [
      "d0189994-9a48-4383-a133-f1945a639eed"
    ]
  }
}
[2026-07-23T04:24:25.933Z] [handleUpdateReplacementGuards] Matched shiftIds: [
  "5e4bb6e3-9f56-4020-a1e3-f4a580eb4b2d"
]
[2026-07-23T04:24:27.245Z] [handleUpdateReplacementGuards] parsed newReplacementGuardIds: [
  "d0189994-9a48-4383-a133-f1945a639eed"
]
[2026-07-23T04:24:27.812Z] [handleUpdateReplacementGuards] Updating target assignments: {
  "targetAssignments": [
    "9e661a29-01ab-4115-ab38-9a150e0cd564"
  ],
  "with": [
    "d0189994-9a48-4383-a133-f1945a639eed"
  ]
}
[2026-07-23T04:24:28.000Z] [handleUpdateReplacementGuards] Database update complete. Updated rows: [
  {
    "assignment_id": "9e661a29-01ab-4115-ab38-9a150e0cd564",
    "replacement_guard_ids": [
      "d0189994-9a48-4383-a133-f1945a639eed"
    ]
  }
]
